<?xml version="1.0" encoding="UTF-8" ?>
<!DOCTYPE mapper PUBLIC "-//mybatis.org//DTD Mapper 3.0//EN" "http://mybatis.org/dtd/mybatis-3-mapper.dtd" >
<mapper namespace="com.sql.context.mapper.TestMapper">
    <resultMap id="test" type="int"/>

    <select id="select" resultMap="test">
        SELECT id
        FROM `test`
    </select>
</mapper>